<?xml version="1.0" encoding="UTF-8"?>
<!-- Generated by org.testng.reporters.JUnitReportReporter -->
<testsuite hostname="DESKTOP-472S9J2" name="com.testCases.AxessLogin" tests="1" failures="0" timestamp="8 Dec 2021 17:08:29 GMT" time="20.700" errors="0">
  <testcase name="loginToAxessMethod" time="20.700" classname="com.testCases.AxessLogin"/>
</testsuite> <!-- com.testCases.AxessLogin -->
