<?xml version="1.0" encoding="UTF-8"?>
<!-- Generated by org.testng.reporters.JUnitReportReporter -->
<testsuite hostname="DESKTOP-472S9J2" name="com.testcases.LoginToAxess" tests="1" failures="0" timestamp="28 Nov 2021 17:47:44 GMT" time="25.140" errors="0">
  <testcase name="logintoAxessMethod" time="25.140" classname="com.testcases.LoginToAxess"/>
</testsuite> <!-- com.testcases.LoginToAxess -->
