<?xml version="1.0" encoding="UTF-8"?>
<!-- Generated by org.testng.reporters.JUnitReportReporter -->
<testsuite hostname="DESKTOP-472S9J2" name="com.testCases.AxessAcademy" tests="1" failures="0" timestamp="8 Dec 2021 17:08:29 GMT" time="37.256" errors="0">
  <testcase name="verifyAxessAcademyPage" time="37.256" classname="com.testCases.AxessAcademy"/>
</testsuite> <!-- com.testCases.AxessAcademy -->
