<?xml version="1.0" encoding="UTF-8"?>
<!-- Generated by org.testng.reporters.JUnitReportReporter -->
<testsuite hostname="DESKTOP-472S9J2" name="com.testCases.AxessLogin" tests="1" failures="0" timestamp="8 Dec 2021 05:44:38 GMT" time="35.948" errors="0">
  <testcase name="loginToAxessMethod" time="35.948" classname="com.testCases.AxessLogin"/>
</testsuite> <!-- com.testCases.AxessLogin -->
